<?xml version="1.0" encoding="UTF-8"?>
<testsuite xmlns:xsi="http://www.w3.org/2001/XMLSchema-instance" xsi:noNamespaceSchemaLocation="https://maven.apache.org/surefire/maven-surefire-plugin/xsd/surefire-test-report-3.0.xsd" version="3.0" name="com.example.PersonTest" time="0.111" tests="16" errors="0" skipped="0" failures="1">
  <properties>
    <property name="java.specification.version" value="22"/>
    <property name="sun.jnu.encoding" value="UTF-8"/>
    <property name="java.class.path" value="/Users/user/Desktop/project/target/test-classes:/Users/user/Desktop/project/target/classes:/Users/user/.m2/repository/org/junit/jupiter/junit-jupiter/5.10.2/junit-jupiter-5.10.2.jar:/Users/user/.m2/repository/org/junit/jupiter/junit-jupiter-api/5.10.2/junit-jupiter-api-5.10.2.jar:/Users/user/.m2/repository/org/opentest4j/opentest4j/1.3.0/opentest4j-1.3.0.jar:/Users/user/.m2/repository/org/junit/platform/junit-platform-commons/1.10.2/junit-platform-commons-1.10.2.jar:/Users/user/.m2/repository/org/apiguardian/apiguardian-api/1.1.2/apiguardian-api-1.1.2.jar:/Users/user/.m2/repository/org/junit/jupiter/junit-jupiter-params/5.10.2/junit-jupiter-params-5.10.2.jar:/Users/user/.m2/repository/org/junit/jupiter/junit-jupiter-engine/5.10.2/junit-jupiter-engine-5.10.2.jar:/Users/user/.m2/repository/org/junit/platform/junit-platform-engine/1.10.2/junit-platform-engine-1.10.2.jar:"/>
    <property name="java.vm.vendor" value="Oracle Corporation"/>
    <property name="sun.arch.data.model" value="64"/>
    <property name="java.vendor.url" value="https://java.oracle.com/"/>
    <property name="user.timezone" value="Australia/Melbourne"/>
    <property name="os.name" value="Mac OS X"/>
    <property name="java.vm.specification.version" value="22"/>
    <property name="user.country" value="US"/>
    <property name="sun.java.launcher" value="SUN_STANDARD"/>
    <property name="sun.boot.library.path" value="/Users/user/Oracle_JDK-22.jdk/Contents/Home/lib"/>
    <property name="sun.java.command" value="/Users/user/Desktop/project/target/surefire/surefirebooter-20250605234248807_4.jar /Users/user/Desktop/project/target/surefire 2025-06-05T23-42-48_651-jvmRun1 surefire-20250605234248807_2tmp surefire_0-20250605234248807_3tmp"/>
    <property name="http.nonProxyHosts" value="local|*.local|169.254/16|*.169.254/16"/>
    <property name="jdk.debug" value="release"/>
    <property name="test" value="com.example.PersonTest"/>
    <property name="surefire.test.class.path" value="/Users/user/Desktop/project/target/test-classes:/Users/user/Desktop/project/target/classes:/Users/user/.m2/repository/org/junit/jupiter/junit-jupiter/5.10.2/junit-jupiter-5.10.2.jar:/Users/user/.m2/repository/org/junit/jupiter/junit-jupiter-api/5.10.2/junit-jupiter-api-5.10.2.jar:/Users/user/.m2/repository/org/opentest4j/opentest4j/1.3.0/opentest4j-1.3.0.jar:/Users/user/.m2/repository/org/junit/platform/junit-platform-commons/1.10.2/junit-platform-commons-1.10.2.jar:/Users/user/.m2/repository/org/apiguardian/apiguardian-api/1.1.2/apiguardian-api-1.1.2.jar:/Users/user/.m2/repository/org/junit/jupiter/junit-jupiter-params/5.10.2/junit-jupiter-params-5.10.2.jar:/Users/user/.m2/repository/org/junit/jupiter/junit-jupiter-engine/5.10.2/junit-jupiter-engine-5.10.2.jar:/Users/user/.m2/repository/org/junit/platform/junit-platform-engine/1.10.2/junit-platform-engine-1.10.2.jar:"/>
    <property name="sun.cpu.endian" value="little"/>
    <property name="user.home" value="/Users/user"/>
    <property name="user.language" value="en"/>
    <property name="java.specification.vendor" value="Oracle Corporation"/>
    <property name="java.version.date" value="2024-07-16"/>
    <property name="java.home" value="/Users/user/Oracle_JDK-22.jdk/Contents/Home"/>
    <property name="file.separator" value="/"/>
    <property name="basedir" value="/Users/user/Desktop/project"/>
    <property name="java.vm.compressedOopsMode" value="Zero based"/>
    <property name="line.separator" value="&#10;"/>
    <property name="java.vm.specification.vendor" value="Oracle Corporation"/>
    <property name="java.specification.name" value="Java Platform API Specification"/>
    <property name="apple.awt.application.name" value="ForkedBooter"/>
    <property name="surefire.real.class.path" value="/Users/user/Desktop/project/target/surefire/surefirebooter-20250605234248807_4.jar"/>
    <property name="sun.management.compiler" value="HotSpot 64-Bit Tiered Compilers"/>
    <property name="ftp.nonProxyHosts" value="local|*.local|169.254/16|*.169.254/16"/>
    <property name="java.runtime.version" value="22.0.2+9-70"/>
    <property name="user.name" value="user"/>
    <property name="stdout.encoding" value="UTF-8"/>
    <property name="path.separator" value=":"/>
    <property name="os.version" value="15.1"/>
    <property name="java.runtime.name" value="Java(TM) SE Runtime Environment"/>
    <property name="file.encoding" value="UTF-8"/>
    <property name="java.vm.name" value="Java HotSpot(TM) 64-Bit Server VM"/>
    <property name="maven.ext.class.path" value="/Users/user/.vscode/extensions/oracle.oracle-java-24.0.0/nbcode/java/maven-nblib/netbeans-eventspy.jar"/>
    <property name="localRepository" value="/Users/user/.m2/repository"/>
    <property name="java.vendor.url.bug" value="https://bugreport.java.com/bugreport/"/>
    <property name="java.io.tmpdir" value="/var/folders/zq/43v2fdnd5lq7rdjvc88pnn7m0000gn/T/"/>
    <property name="java.version" value="22.0.2"/>
    <property name="user.dir" value="/Users/user/Desktop/project"/>
    <property name="os.arch" value="aarch64"/>
    <property name="java.vm.specification.name" value="Java Virtual Machine Specification"/>
    <property name="native.encoding" value="UTF-8"/>
    <property name="java.library.path" value="/Users/user/Library/Java/Extensions:/Library/Java/Extensions:/Network/Library/Java/Extensions:/System/Library/Java/Extensions:/usr/lib/java:."/>
    <property name="java.vm.info" value="mixed mode, sharing"/>
    <property name="stderr.encoding" value="UTF-8"/>
    <property name="java.vendor" value="Oracle Corporation"/>
    <property name="java.vm.version" value="22.0.2+9-70"/>
    <property name="sun.io.unicode.encoding" value="UnicodeBig"/>
    <property name="socksNonProxyHosts" value="local|*.local|169.254/16|*.169.254/16"/>
    <property name="java.class.version" value="66.0"/>
  </properties>
  <testcase name="addPerson_allInvalid_returnsFalse" classname="com.example.PersonTest" time="0.015">
    <system-out><![CDATA[Invalid ID: ABC
]]></system-out>
  </testcase>
  <testcase name="addDemeritPoints_successCreatesFile" classname="com.example.PersonTest" time="0.051"/>
  <testcase name="updatePersonalDetails_under18CannotChangeAddress_returnsFalse" classname="com.example.PersonTest" time="0.001"/>
  <testcase name="addDemeritPoints_invalidDate_returnsFailed" classname="com.example.PersonTest" time="0.001"/>
  <testcase name="addDemeritPoints_validDataUnder21_setsSuspendedCorrectly" classname="com.example.PersonTest" time="0.004"/>
  <testcase name="addDemeritPoints_validDataOver21_setsSuspendedCorrectly" classname="com.example.PersonTest" time="0.006">
    <failure message="expected: &lt;true&gt; but was: &lt;false&gt;" type="org.opentest4j.AssertionFailedError"><![CDATA[org.opentest4j.AssertionFailedError: expected: <true> but was: <false>
	at org.junit.jupiter.api.AssertionFailureBuilder.build(AssertionFailureBuilder.java:151)
	at org.junit.jupiter.api.AssertionFailureBuilder.buildAndThrow(AssertionFailureBuilder.java:132)
	at org.junit.jupiter.api.AssertTrue.failNotTrue(AssertTrue.java:63)
	at org.junit.jupiter.api.AssertTrue.assertTrue(AssertTrue.java:36)
	at org.junit.jupiter.api.AssertTrue.assertTrue(AssertTrue.java:31)
	at org.junit.jupiter.api.Assertions.assertTrue(Assertions.java:183)
	at com.example.PersonTest.addDemeritPoints_validDataOver21_setsSuspendedCorrectly(PersonTest.java:163)
	at java.base/java.lang.reflect.Method.invoke(Method.java:580)
	at java.base/java.util.ArrayList.forEach(ArrayList.java:1597)
	at java.base/java.util.ArrayList.forEach(ArrayList.java:1597)
]]></failure>
  </testcase>
  <testcase name="updatePersonalDetails_evenIDCannotChangeID_returnsFalse" classname="com.example.PersonTest" time="0.001"/>
  <testcase name="addPerson_invalidAddress_returnsFalse" classname="com.example.PersonTest" time="0.001">
    <system-out><![CDATA[Invalid address: state is not Victoria (New South Wales)
Invalid address: 12|King St|Sydney|New South Wales|Australia
]]></system-out>
  </testcase>
  <testcase name="addPerson_validData_returnsTrueAndCreatesFile" classname="com.example.PersonTest" time="0.007"/>
  <testcase name="updatePersonalDetails_validUpdate_returnsTrue" classname="com.example.PersonTest" time="0.003"/>
  <testcase name="updatePersonalDetails_noChange_returnsTrue" classname="com.example.PersonTest" time="0.001"/>
  <testcase name="updatePersonalDetails_invalidNewData_returnsFalse" classname="com.example.PersonTest" time="0">
    <system-out><![CDATA[Invalid address: state is not Victoria (NSW)
]]></system-out>
  </testcase>
  <testcase name="addPerson_invalidBirthdate_returnsFalse" classname="com.example.PersonTest" time="0.001">
    <system-out><![CDATA[Invalid birthdate: 2002-09-15
]]></system-out>
  </testcase>
  <testcase name="updatePersonalDetails_changeBirthAndAnythingElse_returnsFalse" classname="com.example.PersonTest" time="0.001"/>
  <testcase name="addPerson_invalidID_returnsFalse" classname="com.example.PersonTest" time="0">
    <system-out><![CDATA[Invalid ID: 12abcDEFgh
]]></system-out>
  </testcase>
  <testcase name="addDemeritPoints_invalidPoints_returnsFailed" classname="com.example.PersonTest" time="0.001"/>
</testsuite>