<?xml version="1.0" encoding="UTF-8"?>
<testsuite xmlns:xsi="http://www.w3.org/2001/XMLSchema-instance" xsi:noNamespaceSchemaLocation="https://maven.apache.org/surefire/maven-surefire-plugin/xsd/surefire-test-report-3.0.xsd" version="3.0" name="com.example.PersonTest" time="0.285" tests="16" errors="0" skipped="0" failures="0">
  <properties>
    <property name="java.specification.version" value="24"/>
    <property name="sun.cpu.isalist" value="amd64"/>
    <property name="sun.jnu.encoding" value="Cp1252"/>
    <property name="java.class.path" value="C:\Users\Sophie\Downloads\a4_group116\roadregistry-person-1\target\test-classes;C:\Users\Sophie\Downloads\a4_group116\roadregistry-person-1\target\classes;C:\Users\Sophie\.m2\repository\org\junit\jupiter\junit-jupiter\5.10.2\junit-jupiter-5.10.2.jar;C:\Users\Sophie\.m2\repository\org\junit\jupiter\junit-jupiter-api\5.10.2\junit-jupiter-api-5.10.2.jar;C:\Users\Sophie\.m2\repository\org\opentest4j\opentest4j\1.3.0\opentest4j-1.3.0.jar;C:\Users\Sophie\.m2\repository\org\junit\platform\junit-platform-commons\1.10.2\junit-platform-commons-1.10.2.jar;C:\Users\Sophie\.m2\repository\org\apiguardian\apiguardian-api\1.1.2\apiguardian-api-1.1.2.jar;C:\Users\Sophie\.m2\repository\org\junit\jupiter\junit-jupiter-params\5.10.2\junit-jupiter-params-5.10.2.jar;C:\Users\Sophie\.m2\repository\org\junit\jupiter\junit-jupiter-engine\5.10.2\junit-jupiter-engine-5.10.2.jar;C:\Users\Sophie\.m2\repository\org\junit\platform\junit-platform-engine\1.10.2\junit-platform-engine-1.10.2.jar;"/>
    <property name="java.vm.vendor" value="Oracle Corporation"/>
    <property name="sun.arch.data.model" value="64"/>
    <property name="user.variant" value=""/>
    <property name="java.vendor.url" value="https://java.oracle.com/"/>
    <property name="user.timezone" value="Australia/Sydney"/>
    <property name="os.name" value="Windows 10"/>
    <property name="java.vm.specification.version" value="24"/>
    <property name="user.country" value="US"/>
    <property name="sun.java.launcher" value="SUN_STANDARD"/>
    <property name="sun.boot.library.path" value="C:\Program Files\Java\jdk-24\bin"/>
    <property name="sun.java.command" value="C:\Users\Sophie\AppData\Local\Temp\surefire2020021177693096113\surefirebooter-20250606005530936_3.jar C:\Users\Sophie\AppData\Local\Temp\surefire2020021177693096113 2025-06-06T00-55-30_228-jvmRun1 surefire-20250606005530936_1tmp surefire_0-20250606005530936_2tmp"/>
    <property name="jdk.debug" value="release"/>
    <property name="test" value="com.example.PersonTest"/>
    <property name="surefire.test.class.path" value="C:\Users\Sophie\Downloads\a4_group116\roadregistry-person-1\target\test-classes;C:\Users\Sophie\Downloads\a4_group116\roadregistry-person-1\target\classes;C:\Users\Sophie\.m2\repository\org\junit\jupiter\junit-jupiter\5.10.2\junit-jupiter-5.10.2.jar;C:\Users\Sophie\.m2\repository\org\junit\jupiter\junit-jupiter-api\5.10.2\junit-jupiter-api-5.10.2.jar;C:\Users\Sophie\.m2\repository\org\opentest4j\opentest4j\1.3.0\opentest4j-1.3.0.jar;C:\Users\Sophie\.m2\repository\org\junit\platform\junit-platform-commons\1.10.2\junit-platform-commons-1.10.2.jar;C:\Users\Sophie\.m2\repository\org\apiguardian\apiguardian-api\1.1.2\apiguardian-api-1.1.2.jar;C:\Users\Sophie\.m2\repository\org\junit\jupiter\junit-jupiter-params\5.10.2\junit-jupiter-params-5.10.2.jar;C:\Users\Sophie\.m2\repository\org\junit\jupiter\junit-jupiter-engine\5.10.2\junit-jupiter-engine-5.10.2.jar;C:\Users\Sophie\.m2\repository\org\junit\platform\junit-platform-engine\1.10.2\junit-platform-engine-1.10.2.jar;"/>
    <property name="sun.cpu.endian" value="little"/>
    <property name="user.home" value="C:\Users\Sophie"/>
    <property name="user.language" value="en"/>
    <property name="java.specification.vendor" value="Oracle Corporation"/>
    <property name="java.version.date" value="2025-04-15"/>
    <property name="java.home" value="C:\Program Files\Java\jdk-24"/>
    <property name="file.separator" value="\"/>
    <property name="basedir" value="C:\Users\Sophie\Downloads\a4_group116\roadregistry-person-1"/>
    <property name="java.vm.compressedOopsMode" value="Zero based"/>
    <property name="line.separator" value="&#10;"/>
    <property name="java.vm.specification.vendor" value="Oracle Corporation"/>
    <property name="java.specification.name" value="Java Platform API Specification"/>
    <property name="surefire.real.class.path" value="C:\Users\Sophie\AppData\Local\Temp\surefire2020021177693096113\surefirebooter-20250606005530936_3.jar"/>
    <property name="user.script" value=""/>
    <property name="sun.management.compiler" value="HotSpot 64-Bit Tiered Compilers"/>
    <property name="java.runtime.version" value="24.0.1+9-30"/>
    <property name="user.name" value="Sophie"/>
    <property name="stdout.encoding" value="Cp1252"/>
    <property name="path.separator" value=";"/>
    <property name="os.version" value="10.0"/>
    <property name="java.runtime.name" value="Java(TM) SE Runtime Environment"/>
    <property name="file.encoding" value="UTF-8"/>
    <property name="java.vm.name" value="Java HotSpot(TM) 64-Bit Server VM"/>
    <property name="maven.ext.class.path" value="C:\Users\Sophie\.vscode\extensions\oracle.oracle-java-24.0.0\nbcode\java\maven-nblib\netbeans-eventspy.jar"/>
    <property name="localRepository" value="C:\Users\Sophie\.m2\repository"/>
    <property name="java.vendor.url.bug" value="https://bugreport.java.com/bugreport/"/>
    <property name="java.io.tmpdir" value="C:\Users\Sophie\AppData\Local\Temp\"/>
    <property name="java.version" value="24.0.1"/>
    <property name="user.dir" value="C:\Users\Sophie\Downloads\a4_group116\roadregistry-person-1"/>
    <property name="os.arch" value="amd64"/>
    <property name="java.vm.specification.name" value="Java Virtual Machine Specification"/>
    <property name="sun.os.patch.level" value=""/>
    <property name="native.encoding" value="Cp1252"/>
    <property name="java.library.path" value="C:\Program Files\Java\jdk-24\bin;C:\WINDOWS\Sun\Java\bin;C:\WINDOWS\system32;C:\WINDOWS;C:\Program Files\Common Files\Oracle\Java\javapath;C:\Program Files (x86)\Razer Chroma SDK\bin;C:\Program Files\Razer Chroma SDK\bin;C:\WINDOWS\system32;C:\WINDOWS;C:\WINDOWS\System32\Wbem;C:\WINDOWS\System32\WindowsPowerShell\v1.0\;C:\Program Files (x86)\NVIDIA Corporation\PhysX\Common;C:\WINDOWS\system32;C:\WINDOWS;C:\WINDOWS\System32\Wbem;C:\WINDOWS\System32\WindowsPowerShell\v1.0\;C:\WINDOWS\System32\OpenSSH\;C:\Program Files\NVIDIA Corporation\NVIDIA NvDLISR;C:\Program Files\dotnet\;C:\WINDOWS\system32\config\systemprofile\AppData\Local\Microsoft\WindowsApps;C:\Program Files (x86)\Razer\ChromaBroadcast\bin;C:\Program Files\Razer\ChromaBroadcast\bin;C:\Users\Sophie\AppData\Local\Microsoft\WindowsApps;C:\Program Files\Git\cmd;C:\Users\Sophie\AppData\Local\Microsoft\WindowsApps;C:\Users\Sophie\AppData\Local\Programs\Microsoft VS Code\bin;."/>
    <property name="java.vm.info" value="mixed mode, sharing"/>
    <property name="stderr.encoding" value="Cp1252"/>
    <property name="java.vendor" value="Oracle Corporation"/>
    <property name="java.vm.version" value="24.0.1+9-30"/>
    <property name="sun.io.unicode.encoding" value="UnicodeLittle"/>
    <property name="java.class.version" value="68.0"/>
  </properties>
  <testcase name="addPerson_allInvalid_returnsFalse" classname="com.example.PersonTest" time="0.065">
    <system-out><![CDATA[Invalid ID: ABC
]]></system-out>
  </testcase>
  <testcase name="addDemeritPoints_successCreatesFile" classname="com.example.PersonTest" time="0.015"/>
  <testcase name="updatePersonalDetails_under18CannotChangeAddress_returnsFalse" classname="com.example.PersonTest" time="0.007"/>
  <testcase name="addDemeritPoints_invalidDate_returnsFailed" classname="com.example.PersonTest" time="0.005"/>
  <testcase name="addDemeritPoints_validDataUnder21_setsSuspendedCorrectly" classname="com.example.PersonTest" time="0.013"/>
  <testcase name="addDemeritPoints_validDataOver21_setsSuspendedCorrectly" classname="com.example.PersonTest" time="0.013"/>
  <testcase name="updatePersonalDetails_evenIDCannotChangeID_returnsFalse" classname="com.example.PersonTest" time="0.006"/>
  <testcase name="addPerson_invalidAddress_returnsFalse" classname="com.example.PersonTest" time="0.004">
    <system-out><![CDATA[Invalid address: state is not Victoria (New South Wales)
Invalid address: 12|King St|Sydney|New South Wales|Australia
]]></system-out>
  </testcase>
  <testcase name="addPerson_validData_returnsTrueAndCreatesFile" classname="com.example.PersonTest" time="0.014"/>
  <testcase name="updatePersonalDetails_validUpdate_returnsTrue" classname="com.example.PersonTest" time="0.018"/>
  <testcase name="updatePersonalDetails_noChange_returnsTrue" classname="com.example.PersonTest" time="0.011"/>
  <testcase name="updatePersonalDetails_invalidNewData_returnsFalse" classname="com.example.PersonTest" time="0.006">
    <system-out><![CDATA[Invalid address: state is not Victoria (NSW)
]]></system-out>
  </testcase>
  <testcase name="addPerson_invalidBirthdate_returnsFalse" classname="com.example.PersonTest" time="0.005">
    <system-out><![CDATA[Invalid birthdate: 2002-09-15
]]></system-out>
  </testcase>
  <testcase name="updatePersonalDetails_changeBirthAndAnythingElse_returnsFalse" classname="com.example.PersonTest" time="0.006"/>
  <testcase name="addPerson_invalidID_returnsFalse" classname="com.example.PersonTest" time="0.008">
    <system-out><![CDATA[Invalid ID: 12abcDEFgh
]]></system-out>
  </testcase>
  <testcase name="addDemeritPoints_invalidPoints_returnsFailed" classname="com.example.PersonTest" time="0.005"/>
</testsuite>